<?xml version="1.0" encoding="UTF-8"?>
<testng-results skipped="0" failed="0" ignored="1" total="2" passed="1">
  <reporter-output>
  </reporter-output>
  <suite name="Stoehatch" duration-ms="127237" started-at="2018-04-20T14:12:45Z" finished-at="2018-04-20T14:14:52Z">
    <groups>
    </groups>
    <test name="demotest" duration-ms="127237" started-at="2018-04-20T14:12:45Z" finished-at="2018-04-20T14:14:52Z">
      <class name="stonehatch.TestStonehatch">
        <test-method status="PASS" signature="AppLunch()[pri:0, instance:stonehatch.TestStonehatch@14e1a0f]" name="AppLunch" is-config="true" duration-ms="7882" started-at="2018-04-20T14:12:45Z" finished-at="2018-04-20T14:12:53Z">
          <reporter-output>
          </reporter-output>
        </test-method> <!-- AppLunch -->
        <test-method status="PASS" signature="ShLogin()[pri:1, instance:stonehatch.TestStonehatch@14e1a0f]" name="ShLogin" duration-ms="117001" started-at="2018-04-20T14:12:53Z" finished-at="2018-04-20T14:14:50Z">
          <reporter-output>
          </reporter-output>
        </test-method> <!-- ShLogin -->
        <test-method status="PASS" signature="Closebrowser()[pri:0, instance:stonehatch.TestStonehatch@14e1a0f]" name="Closebrowser" is-config="true" duration-ms="2334" started-at="2018-04-20T14:14:50Z" finished-at="2018-04-20T14:14:52Z">
          <reporter-output>
          </reporter-output>
        </test-method> <!-- Closebrowser -->
      </class> <!-- stonehatch.TestStonehatch -->
    </test> <!-- demotest -->
  </suite> <!-- Stoehatch -->
</testng-results>
